{
  "stats": {
    "suites": 1,
    "tests": 1,
    "passes": 1,
    "pending": 0,
    "failures": 0,
    "start": "2026-04-01T12:47:28.787Z",
    "end": "2026-04-01T12:47:47.177Z",
    "duration": 18390,
    "testsRegistered": 1,
    "passPercent": 100,
    "pendingPercent": 0,
    "other": 0,
    "hasOther": false,
    "skipped": 0,
    "hasSkipped": false
  },
  "results": [
    {
      "uuid": "f0b49185-e03e-46cb-8792-4e6d07878efd",
      "title": "",
      "fullFile": "cypress\\e2e\\user.spec.cy.js",
      "file": "cypress\\e2e\\user.spec.cy.js",
      "beforeHooks": [],
      "afterHooks": [],
      "tests": [],
      "suites": [
        {
          "uuid": "d4ed3364-5169-4870-b903-12c274c508b2",
          "title": "Orange HRM Tests",
          "fullFile": "",
          "file": "",
          "beforeHooks": [],
          "afterHooks": [],
          "tests": [
            {
              "title": "User update walk - Login Success",
              "fullTitle": "Orange HRM Tests User update walk - Login Success",
              "timedOut": null,
              "duration": 18321,
              "state": "passed",
              "speed": "slow",
              "pass": true,
              "fail": false,
              "pending": false,
              "context": null,
              "code": "// Login\ncy.viewport(1920, 1080); // Define Full HD manualmente\ncy.get(selectorsList.usernameField).type(_userData.default.userSucess.username);\ncy.get(selectorsList.passwordField).type(_userData.default.userSucess.password);\ncy.get(selectorsList.loginButton).click();\ncy.location('pathname').should('equal', '/web/index.php/dashboard/index');\ncy.get(selectorsList.dashboardGrid).should('be.visible');\n// Acessando My Info\ncy.get(selectorsList.myInfoButton).click();\ncy.get(selectorsList.sectionTitleTopBar).contains('PIM').should('be.visible');\n// Preenchendo nomes\ncy.get(selectorsList.firstNameField).should('be.visible').and('not.be.disabled').clear().type('Luiz');\n//cy.get('.oxd-loading-spinner', { timeout: 10000 }).should('not.exist');\n//cy.get(selectorsList.firstNameField, { timeout: 10000 }).should('be.visible').clear().type('Luiz');\n//cy.get(selectorsList.firstNameField).clear().type('Luiz');\ncy.get(selectorsList.middleNameField).clear().type('Carlos');\ncy.get(selectorsList.lastNameField).clear().type('Anjos');\n// Campos genéricos (ID, Outros)\ncy.get(selectorsList.genericField).eq(3).clear().type('QA-290305');\ncy.get(selectorsList.genericField).eq(4).clear().type('205105');\ncy.get(selectorsList.genericField).eq(5).clear().type('0768099909');\n// Datas - Agora usando o seletor corrigido que foca no <input>\ncy.get(selectorsList.dateField).eq(0).clear().type('2028-23-04');\ncy.get(selectorsList.closeCalendaryButton).click();\ncy.get(selectorsList.dateField).eq(1).clear().type('1991-23-04');\ncy.get(selectorsList.closeCalendaryButton).click();\n// Seleção de Dropdowns (Nacionalidade e Estado Civil)\ncy.get(selectorsList.selectionField).eq(0).click();\ncy.get('.oxd-select-dropdown').contains('Brazilian').click();\ncy.get(selectorsList.selectionField).eq(1).click();\ncy.get('.oxd-select-dropdown').contains('Married').click();\n// Salvar\ncy.get(selectorsList.submitButton).eq(0).click();\ncy.get('body').should('contain', 'Successfully Updated');",
              "err": {},
              "uuid": "f007cd7b-b03b-4f56-864b-147701095811",
              "parentUUID": "d4ed3364-5169-4870-b903-12c274c508b2",
              "isHook": false,
              "skipped": false
            }
          ],
          "suites": [],
          "passes": [
            "f007cd7b-b03b-4f56-864b-147701095811"
          ],
          "failures": [],
          "pending": [],
          "skipped": [],
          "duration": 18321,
          "root": false,
          "rootEmpty": false,
          "_timeout": 2000
        }
      ],
      "passes": [],
      "failures": [],
      "pending": [],
      "skipped": [],
      "duration": 0,
      "root": true,
      "rootEmpty": true,
      "_timeout": 2000
    }
  ],
  "meta": {
    "mocha": {
      "version": "7.2.0"
    },
    "mochawesome": {
      "options": {
        "quiet": false,
        "reportFilename": "mochawesome",
        "saveHtml": true,
        "saveJson": true,
        "consoleReporter": "spec",
        "useInlineDiffs": false,
        "code": true
      },
      "version": "7.1.4"
    },
    "marge": {
      "options": {
        "reportDir": "cypress/reports",
        "overwrite": true,
        "html": true,
        "json": true,
        "timestamp": "mmddyyyy_HHMMss"
      },
      "version": "6.3.2"
    }
  }
}