{
  "stats": {
    "suites": 0,
    "tests": 1,
    "passes": 0,
    "pending": 0,
    "failures": 1,
    "start": "2026-04-01T11:39:20.170Z",
    "end": "2026-04-01T11:39:20.495Z",
    "duration": 325,
    "testsRegistered": 1,
    "passPercent": 0,
    "pendingPercent": 0,
    "other": 0,
    "hasOther": false,
    "skipped": 0,
    "hasSkipped": false
  },
  "results": [
    {
      "uuid": "4d39538b-0322-48d4-b8e2-7d72ff607b6a",
      "title": "",
      "fullFile": "cypress\\e2e\\user.spec.cy.js",
      "file": "cypress\\e2e\\user.spec.cy.js",
      "beforeHooks": [],
      "afterHooks": [],
      "tests": [
        {
          "title": "An uncaught error was detected outside of a test",
          "fullTitle": "An uncaught error was detected outside of a test",
          "timedOut": null,
          "duration": 243,
          "state": "failed",
          "speed": null,
          "pass": false,
          "fail": true,
          "pending": false,
          "context": null,
          "code": "throw err;",
          "err": {
            "message": "ReferenceError: The following error originated from your test code, not from Cypress.\n\n  > r is not defined\n\nWhen Cypress detects uncaught errors originating from your test code it will automatically fail the current test.\n\nCypress could not associate this error to any specific test.\n\nWe dynamically generated a new test to display this failure.",
            "estack": "ReferenceError: The following error originated from your test code, not from Cypress.\n\n  > r is not defined\n\nWhen Cypress detects uncaught errors originating from your test code it will automatically fail the current test.\n\nCypress could not associate this error to any specific test.\n\nWe dynamically generated a new test to display this failure.\n    at Suite.eval (webpack://iniciando-cypress/./cypress/e2e/user.spec.cy.js:77:1)\n    at Object.create (https://opensource-demo.orangehrmlive.com/__cypress/runner/cypress_runner.js:169791:19)\n    at context.describe.context.context (https://opensource-demo.orangehrmlive.com/__cypress/runner/cypress_runner.js:169478:27)\n    at createRunnable (https://opensource-demo.orangehrmlive.com/__cypress/runner/cypress_runner.js:153475:31)\n    at <unknown> (https://opensource-demo.orangehrmlive.com/__cypress/runner/cypress_runner.js:153536:14)\n    at eval (webpack://iniciando-cypress/./cypress/e2e/user.spec.cy.js:3:0)\n    at eval (https://opensource-demo.orangehrmlive.com/__cypress/tests?p=cypress\\e2e\\user.spec.cy.js:136:3)\n    at eval (https://opensource-demo.orangehrmlive.com/__cypress/tests?p=cypress\\e2e\\user.spec.cy.js:138:12)\n    at eval (<anonymous>)\n    at <unknown> (https://opensource-demo.orangehrmlive.com/__cypress/runner/cypress_runner.js:114021:23)",
            "diff": null
          },
          "uuid": "b1cd19b6-9ac5-4242-82ae-a88c0a0223be",
          "parentUUID": "4d39538b-0322-48d4-b8e2-7d72ff607b6a",
          "isHook": false,
          "skipped": false
        }
      ],
      "suites": [],
      "passes": [],
      "failures": [
        "b1cd19b6-9ac5-4242-82ae-a88c0a0223be"
      ],
      "pending": [],
      "skipped": [],
      "duration": 243,
      "root": true,
      "rootEmpty": false,
      "_timeout": 2000
    }
  ],
  "meta": {
    "mocha": {
      "version": "7.2.0"
    },
    "mochawesome": {
      "options": {
        "quiet": false,
        "reportFilename": "mochawesome",
        "saveHtml": true,
        "saveJson": true,
        "consoleReporter": "spec",
        "useInlineDiffs": false,
        "code": true
      },
      "version": "7.1.4"
    },
    "marge": {
      "options": {
        "reportDir": "cypress/reports",
        "overwrite": true,
        "html": true,
        "json": true,
        "timestamp": "mmddyyyy_HHMMss"
      },
      "version": "6.3.2"
    }
  }
}