{
  "stats": {
    "suites": 1,
    "tests": 1,
    "passes": 0,
    "pending": 0,
    "failures": 1,
    "start": "2026-04-03T16:38:27.106Z",
    "end": "2026-04-03T16:38:31.316Z",
    "duration": 4210,
    "testsRegistered": 1,
    "passPercent": 0,
    "pendingPercent": 0,
    "other": 0,
    "hasOther": false,
    "skipped": 0,
    "hasSkipped": false
  },
  "results": [
    {
      "uuid": "5e5d513a-320d-47e7-8834-63e2f0e9cd4a",
      "title": "",
      "fullFile": "cypress\\e2e\\admin.spec.cy.js",
      "file": "cypress\\e2e\\admin.spec.cy.js",
      "beforeHooks": [],
      "afterHooks": [],
      "tests": [],
      "suites": [
        {
          "uuid": "63808d68-b408-43f3-bd71-d81e23d33cc5",
          "title": "Orange HRM Tests - Admin",
          "fullFile": "",
          "file": "",
          "beforeHooks": [],
          "afterHooks": [],
          "tests": [
            {
              "title": "Admin walk - Login Success and Access Admin",
              "fullTitle": "Orange HRM Tests - Admin Admin walk - Login Success and Access Admin",
              "timedOut": null,
              "duration": 4147,
              "state": "failed",
              "speed": null,
              "pass": false,
              "fail": true,
              "pending": false,
              "context": null,
              "code": "cy.viewport(1920, 1080);\n_controlPages.default.login.loginWithUser(_userData.default.userSucess.username, _userData.default.userSucess.password);\n_controlPages.default.dashboard.dashboardWay();\n_controlPages.default.menu.acessAdmin();\n_controlPages.default.admin.checkAdminPage();\n// Preenchendo o formulário de busca com os dados gerados\n_controlPages.default.admin.fillSearchForm(_controlPages.default.utils.adminUsernameAleatory(), _controlPages.default.utils.adminRoleAleatory(), _controlPages.default.utils.adminStatusAleatory());",
              "err": {
                "message": "TypeError: _faker.faker.internet.userName is not a function",
                "estack": "TypeError: _faker.faker.internet.userName is not a function\n    at Utils.eval [as adminUsernameAleatory] (webpack://iniciando-cypress/./cypress/pages/utils.js:34:30)\n    at Context.eval (webpack://iniciando-cypress/./cypress/e2e/admin.spec.cy.js:19:43)\n    at runnable.fn (https://opensource-demo.orangehrmlive.com/__cypress/runner/cypress_runner.js:146560:19)\n    at callFn (https://opensource-demo.orangehrmlive.com/__cypress/runner/cypress_runner.js:165724:21)\n    at Runnable.run (https://opensource-demo.orangehrmlive.com/__cypress/runner/cypress_runner.js:165711:7)\n    at <unknown> (https://opensource-demo.orangehrmlive.com/__cypress/runner/cypress_runner.js:171809:30)\n    at PassThroughHandlerContext.finallyHandler (https://opensource-demo.orangehrmlive.com/__cypress/runner/cypress_runner.js:4042:23)\n    at PassThroughHandlerContext.tryCatcher (https://opensource-demo.orangehrmlive.com/__cypress/runner/cypress_runner.js:1777:23)\n    at Promise._settlePromiseFromHandler (https://opensource-demo.orangehrmlive.com/__cypress/runner/cypress_runner.js:1489:31)",
                "diff": null
              },
              "uuid": "c34b4995-18af-4430-859b-41febb4fa303",
              "parentUUID": "63808d68-b408-43f3-bd71-d81e23d33cc5",
              "isHook": false,
              "skipped": false
            }
          ],
          "suites": [],
          "passes": [],
          "failures": [
            "c34b4995-18af-4430-859b-41febb4fa303"
          ],
          "pending": [],
          "skipped": [],
          "duration": 4147,
          "root": false,
          "rootEmpty": false,
          "_timeout": 2000
        }
      ],
      "passes": [],
      "failures": [],
      "pending": [],
      "skipped": [],
      "duration": 0,
      "root": true,
      "rootEmpty": true,
      "_timeout": 2000
    }
  ],
  "meta": {
    "mocha": {
      "version": "7.2.0"
    },
    "mochawesome": {
      "options": {
        "quiet": false,
        "reportFilename": "mochawesome",
        "saveHtml": true,
        "saveJson": true,
        "consoleReporter": "spec",
        "useInlineDiffs": false,
        "code": true
      },
      "version": "7.1.4"
    },
    "marge": {
      "options": {
        "reportDir": "cypress/reports",
        "overwrite": true,
        "html": true,
        "json": true,
        "timestamp": false
      },
      "version": "6.3.2"
    }
  }
}