{
  "stats": {
    "suites": 1,
    "tests": 1,
    "passes": 0,
    "pending": 0,
    "failures": 1,
    "start": "2026-04-01T12:40:05.443Z",
    "end": "2026-04-01T12:40:32.068Z",
    "duration": 26625,
    "testsRegistered": 1,
    "passPercent": 0,
    "pendingPercent": 0,
    "other": 0,
    "hasOther": false,
    "skipped": 0,
    "hasSkipped": false
  },
  "results": [
    {
      "uuid": "06efd510-b665-4824-858b-47001d4cb540",
      "title": "",
      "fullFile": "cypress\\e2e\\user.spec.cy.js",
      "file": "cypress\\e2e\\user.spec.cy.js",
      "beforeHooks": [],
      "afterHooks": [],
      "tests": [],
      "suites": [
        {
          "uuid": "fc63d036-9f2b-40e7-8824-b50a8eeff0b7",
          "title": "Orange HRM Tests",
          "fullFile": "",
          "file": "",
          "beforeHooks": [],
          "afterHooks": [],
          "tests": [
            {
              "title": "User update walk - Login Success",
              "fullTitle": "Orange HRM Tests User update walk - Login Success",
              "timedOut": null,
              "duration": 26595,
              "state": "failed",
              "speed": null,
              "pass": false,
              "fail": true,
              "pending": false,
              "context": null,
              "code": "// Login\ncy.get(selectorsList.usernameField).type(_userData.default.userSucess.username);\ncy.get(selectorsList.passwordField).type(_userData.default.userSucess.password);\ncy.get(selectorsList.loginButton).click();\ncy.location('pathname').should('equal', '/web/index.php/dashboard/index');\ncy.get(selectorsList.dashboardGrid).should('be.visible');\n// Acessando My Info\ncy.get(selectorsList.myInfoButton).click();\ncy.get(selectorsList.sectionTitleTopBar).contains('PIM').should('be.visible');\n// Preenchendo nomes\ncy.get(selectorsList.firstNameField).should('be.visible').and('not.be.disabled').clear().type('Luiz');\n//cy.get('.oxd-loading-spinner', { timeout: 10000 }).should('not.exist');\n//cy.get(selectorsList.firstNameField, { timeout: 10000 }).should('be.visible').clear().type('Luiz');\n//cy.get(selectorsList.firstNameField).clear().type('Luiz');\ncy.get(selectorsList.middleNameField).clear().type('Carlos');\ncy.get(selectorsList.lastNameField).clear().type('Anjos');\n// Campos genéricos (ID, Outros)\ncy.get(selectorsList.genericField).eq(3).clear().type('QA-290305');\ncy.get(selectorsList.genericField).eq(4).clear().type('205105');\ncy.get(selectorsList.genericField).eq(5).clear().type('0768099909');\n// Datas - Agora usando o seletor corrigido que foca no <input>\ncy.get(selectorsList.dateField).eq(0).clear().type('2028-23-04');\ncy.get(selectorsList.closeCalendaryButton).click();\ncy.get(selectorsList.dateField).eq(1).clear().type('1991-23-04');\ncy.get(selectorsList.closeCalendaryButton).click();\n// Seleção de Dropdowns (Nacionalidade e Estado Civil)\ncy.get(selectorsList.selectionField).eq(0).click();\ncy.get('.oxd-select-dropdown').contains('Brazilian').click();\ncy.get(selectorsList.selectionField).eq(1).click();\ncy.get('.oxd-select-dropdown').contains('Married').click();\n// Salvar\ncy.get(selectorsList.submitButton).eq(0).click();\ncy.get('body').should('contain', 'Successfully Updated');",
              "err": {
                "message": "CypressError: Timed out retrying after 4000ms: `cy.clear()` failed because this element:\n\n`<input data-v-1f99f73c=\"\" class=\"oxd-input oxd-input--active orangehrm-firstname\" name=\"firstName\" placeholder=\"First Name\">`\n\nis being covered by another element:\n\n`<div data-v-c286b6e5=\"\" class=\"oxd-topbar-header-title\">...</div>`\n\nFix this problem, or use {force: true} to disable error checking.\n\nhttps://on.cypress.io/element-cannot-be-interacted-with",
                "estack": "CypressError: Timed out retrying after 4000ms: `cy.clear()` failed because this element:\n\n`<input data-v-1f99f73c=\"\" class=\"oxd-input oxd-input--active orangehrm-firstname\" name=\"firstName\" placeholder=\"First Name\">`\n\nis being covered by another element:\n\n`<div data-v-c286b6e5=\"\" class=\"oxd-topbar-header-title\">...</div>`\n\nFix this problem, or use {force: true} to disable error checking.\n\nhttps://on.cypress.io/element-cannot-be-interacted-with\n    at ensureIsDescendent (https://opensource-demo.orangehrmlive.com/__cypress/runner/cypress_runner.js:115148:68)\n    at ensureDescendents (https://opensource-demo.orangehrmlive.com/__cypress/runner/cypress_runner.js:115199:5)\n    at ensureDescendentsAndScroll (https://opensource-demo.orangehrmlive.com/__cypress/runner/cypress_runner.js:115205:14)\n    at ensureElIsNotCovered (https://opensource-demo.orangehrmlive.com/__cypress/runner/cypress_runner.js:115336:5)\n    at runAllChecks (https://opensource-demo.orangehrmlive.com/__cypress/runner/cypress_runner.js:115535:52)\n    at retryActionability (https://opensource-demo.orangehrmlive.com/__cypress/runner/cypress_runner.js:115572:16)\n    at tryCatcher (https://opensource-demo.orangehrmlive.com/__cypress/runner/cypress_runner.js:1777:23)\n    at Promise.attempt.Promise.try (https://opensource-demo.orangehrmlive.com/__cypress/runner/cypress_runner.js:4285:29)\n    at whenStable (https://opensource-demo.orangehrmlive.com/__cypress/runner/cypress_runner.js:152009:70)\n    at <unknown> (https://opensource-demo.orangehrmlive.com/__cypress/runner/cypress_runner.js:151924:14)\n    at tryCatcher (https://opensource-demo.orangehrmlive.com/__cypress/runner/cypress_runner.js:1777:23)\n    at Promise._settlePromiseFromHandler (https://opensource-demo.orangehrmlive.com/__cypress/runner/cypress_runner.js:1489:31)\n    at Promise._settlePromise (https://opensource-demo.orangehrmlive.com/__cypress/runner/cypress_runner.js:1546:18)\n    at Promise._settlePromise0 (https://opensource-demo.orangehrmlive.com/__cypress/runner/cypress_runner.js:1591:10)\n    at Promise._settlePromises (https://opensource-demo.orangehrmlive.com/__cypress/runner/cypress_runner.js:1671:18)\n    at Promise._fulfill (https://opensource-demo.orangehrmlive.com/__cypress/runner/cypress_runner.js:1615:18)\n    at <unknown> (https://opensource-demo.orangehrmlive.com/__cypress/runner/cypress_runner.js:5420:46)",
                "diff": null
              },
              "uuid": "25afb4de-9667-4f51-92b7-6b30b552cde0",
              "parentUUID": "fc63d036-9f2b-40e7-8824-b50a8eeff0b7",
              "isHook": false,
              "skipped": false
            }
          ],
          "suites": [],
          "passes": [],
          "failures": [
            "25afb4de-9667-4f51-92b7-6b30b552cde0"
          ],
          "pending": [],
          "skipped": [],
          "duration": 26595,
          "root": false,
          "rootEmpty": false,
          "_timeout": 2000
        }
      ],
      "passes": [],
      "failures": [],
      "pending": [],
      "skipped": [],
      "duration": 0,
      "root": true,
      "rootEmpty": true,
      "_timeout": 2000
    }
  ],
  "meta": {
    "mocha": {
      "version": "7.2.0"
    },
    "mochawesome": {
      "options": {
        "quiet": false,
        "reportFilename": "mochawesome",
        "saveHtml": true,
        "saveJson": true,
        "consoleReporter": "spec",
        "useInlineDiffs": false,
        "code": true
      },
      "version": "7.1.4"
    },
    "marge": {
      "options": {
        "reportDir": "cypress/reports",
        "overwrite": true,
        "html": true,
        "json": true,
        "timestamp": "mmddyyyy_HHMMss"
      },
      "version": "6.3.2"
    }
  }
}