{
  "stats": {
    "suites": 1,
    "tests": 5,
    "passes": 2,
    "pending": 0,
    "failures": 3,
    "start": "2026-04-01T11:50:56.134Z",
    "end": "2026-04-01T11:53:16.295Z",
    "duration": 140161,
    "testsRegistered": 5,
    "passPercent": 40,
    "pendingPercent": 0,
    "other": 0,
    "hasOther": false,
    "skipped": 0,
    "hasSkipped": false
  },
  "results": [
    {
      "uuid": "9ca72018-a587-4e7f-a238-9f6138afa75e",
      "title": "",
      "fullFile": "cypress\\e2e\\user.spec.cy.js",
      "file": "cypress\\e2e\\user.spec.cy.js",
      "beforeHooks": [],
      "afterHooks": [],
      "tests": [],
      "suites": [
        {
          "uuid": "95f46ba2-1c7f-42c4-962e-99a2f0654219",
          "title": "Orange HRM Tests",
          "fullFile": "",
          "file": "",
          "beforeHooks": [],
          "afterHooks": [],
          "tests": [
            {
              "title": "User update walk - Login Success - Tentativa 1",
              "fullTitle": "Orange HRM Tests User update walk - Login Success - Tentativa 1",
              "timedOut": null,
              "duration": 39387,
              "state": "failed",
              "speed": null,
              "pass": false,
              "fail": true,
              "pending": false,
              "context": null,
              "code": "// Login\ncy.get(selectorsList.usernameField).type(_userData.default.userSucess.username);\ncy.get(selectorsList.passwordField).type(_userData.default.userSucess.password);\ncy.get(selectorsList.loginButton).click();\ncy.location('pathname').should('equal', '/web/index.php/dashboard/index');\ncy.get(selectorsList.dashboardGrid).should('be.visible');\n// Acessando My Info\ncy.get(selectorsList.myInfoButton).click();\ncy.get(selectorsList.sectionTitleTopBar).contains('PIM').should('be.visible');\n// Preenchendo campos de texto\ncy.get(selectorsList.firstNameField).clear().type('Luiz');\ncy.get(selectorsList.middleNameField).clear().type('Carlos');\ncy.get(selectorsList.lastNameField).clear().type('Anjos');\n// Campos genéricos por índice\ncy.get(selectorsList.genericField).eq(3).clear().type('QA-290305');\ncy.get(selectorsList.genericField).eq(4).clear().type('205105');\ncy.get(selectorsList.genericField).eq(5).clear().type('0768099909');\n// Datas - fechando o pop-up calendario\ncy.get(selectorsList.dateField).eq(0).clear().type('2028-23-04');\ncy.get(selectorsList.closeCalendaryButton).click(), cy.get(selectorsList.dateField).eq(1).clear().type('1991-23-04');\ncy.get(selectorsList.closeCalendaryButton).click();\n// Seleção de Dropdowns\ncy.get(selectorsList.selectionField).eq(0).click();\ncy.get('.oxd-select-dropdown').contains('Brazilian').click();\ncy.get(selectorsList.selectionField).eq(1).click();\ncy.get('.oxd-select-dropdown').contains('Married').click();\n// Submit e Validação\ncy.get(selectorsList.submitButton).eq(0).click();\ncy.get('body').should('contain', 'Successfully Updated');",
              "err": {
                "message": "CypressError: Timed out retrying after 4000ms: `cy.clear()` failed because this element:\n\n`<input data-v-1f99f73c=\"\" class=\"oxd-input oxd-input--active orangehrm-firstname\" name=\"firstName\" placeholder=\"First Name\">`\n\nis being covered by another element:\n\n`<div data-v-c286b6e5=\"\" class=\"oxd-topbar-header-title\">...</div>`\n\nFix this problem, or use {force: true} to disable error checking.\n\nhttps://on.cypress.io/element-cannot-be-interacted-with",
                "estack": "CypressError: Timed out retrying after 4000ms: `cy.clear()` failed because this element:\n\n`<input data-v-1f99f73c=\"\" class=\"oxd-input oxd-input--active orangehrm-firstname\" name=\"firstName\" placeholder=\"First Name\">`\n\nis being covered by another element:\n\n`<div data-v-c286b6e5=\"\" class=\"oxd-topbar-header-title\">...</div>`\n\nFix this problem, or use {force: true} to disable error checking.\n\nhttps://on.cypress.io/element-cannot-be-interacted-with\n    at ensureIsDescendent (https://opensource-demo.orangehrmlive.com/__cypress/runner/cypress_runner.js:115148:68)\n    at ensureDescendents (https://opensource-demo.orangehrmlive.com/__cypress/runner/cypress_runner.js:115199:5)\n    at ensureDescendentsAndScroll (https://opensource-demo.orangehrmlive.com/__cypress/runner/cypress_runner.js:115205:14)\n    at ensureElIsNotCovered (https://opensource-demo.orangehrmlive.com/__cypress/runner/cypress_runner.js:115336:5)\n    at runAllChecks (https://opensource-demo.orangehrmlive.com/__cypress/runner/cypress_runner.js:115535:52)\n    at retryActionability (https://opensource-demo.orangehrmlive.com/__cypress/runner/cypress_runner.js:115572:16)\n    at tryCatcher (https://opensource-demo.orangehrmlive.com/__cypress/runner/cypress_runner.js:1777:23)\n    at Promise.attempt.Promise.try (https://opensource-demo.orangehrmlive.com/__cypress/runner/cypress_runner.js:4285:29)\n    at whenStable (https://opensource-demo.orangehrmlive.com/__cypress/runner/cypress_runner.js:152009:70)\n    at <unknown> (https://opensource-demo.orangehrmlive.com/__cypress/runner/cypress_runner.js:151924:14)\n    at tryCatcher (https://opensource-demo.orangehrmlive.com/__cypress/runner/cypress_runner.js:1777:23)\n    at Promise._settlePromiseFromHandler (https://opensource-demo.orangehrmlive.com/__cypress/runner/cypress_runner.js:1489:31)\n    at Promise._settlePromise (https://opensource-demo.orangehrmlive.com/__cypress/runner/cypress_runner.js:1546:18)\n    at Promise._settlePromise0 (https://opensource-demo.orangehrmlive.com/__cypress/runner/cypress_runner.js:1591:10)\n    at Promise._settlePromises (https://opensource-demo.orangehrmlive.com/__cypress/runner/cypress_runner.js:1671:18)\n    at Promise._fulfill (https://opensource-demo.orangehrmlive.com/__cypress/runner/cypress_runner.js:1615:18)\n    at <unknown> (https://opensource-demo.orangehrmlive.com/__cypress/runner/cypress_runner.js:5420:46)",
                "diff": null
              },
              "uuid": "e27d582a-4c24-4c89-8092-9166e4a17da4",
              "parentUUID": "95f46ba2-1c7f-42c4-962e-99a2f0654219",
              "isHook": false,
              "skipped": false
            },
            {
              "title": "User update walk - Login Success - Tentativa 2",
              "fullTitle": "Orange HRM Tests User update walk - Login Success - Tentativa 2",
              "timedOut": null,
              "duration": 26837,
              "state": "passed",
              "speed": "slow",
              "pass": true,
              "fail": false,
              "pending": false,
              "context": null,
              "code": "// Login\ncy.get(selectorsList.usernameField).type(_userData.default.userSucess.username);\ncy.get(selectorsList.passwordField).type(_userData.default.userSucess.password);\ncy.get(selectorsList.loginButton).click();\ncy.location('pathname').should('equal', '/web/index.php/dashboard/index');\ncy.get(selectorsList.dashboardGrid).should('be.visible');\n// Acessando My Info\ncy.get(selectorsList.myInfoButton).click();\ncy.get(selectorsList.sectionTitleTopBar).contains('PIM').should('be.visible');\n// Preenchendo campos de texto\ncy.get(selectorsList.firstNameField).clear().type('Luiz');\ncy.get(selectorsList.middleNameField).clear().type('Carlos');\ncy.get(selectorsList.lastNameField).clear().type('Anjos');\n// Campos genéricos por índice\ncy.get(selectorsList.genericField).eq(3).clear().type('QA-290305');\ncy.get(selectorsList.genericField).eq(4).clear().type('205105');\ncy.get(selectorsList.genericField).eq(5).clear().type('0768099909');\n// Datas - fechando o pop-up calendario\ncy.get(selectorsList.dateField).eq(0).clear().type('2028-23-04');\ncy.get(selectorsList.closeCalendaryButton).click(), cy.get(selectorsList.dateField).eq(1).clear().type('1991-23-04');\ncy.get(selectorsList.closeCalendaryButton).click();\n// Seleção de Dropdowns\ncy.get(selectorsList.selectionField).eq(0).click();\ncy.get('.oxd-select-dropdown').contains('Brazilian').click();\ncy.get(selectorsList.selectionField).eq(1).click();\ncy.get('.oxd-select-dropdown').contains('Married').click();\n// Submit e Validação\ncy.get(selectorsList.submitButton).eq(0).click();\ncy.get('body').should('contain', 'Successfully Updated');",
              "err": {},
              "uuid": "d87374e2-b2e9-4156-8fbb-d77be2175616",
              "parentUUID": "95f46ba2-1c7f-42c4-962e-99a2f0654219",
              "isHook": false,
              "skipped": false
            },
            {
              "title": "User update walk - Login Success - Tentativa 3",
              "fullTitle": "Orange HRM Tests User update walk - Login Success - Tentativa 3",
              "timedOut": null,
              "duration": 21065,
              "state": "failed",
              "speed": null,
              "pass": false,
              "fail": true,
              "pending": false,
              "context": null,
              "code": "// Login\ncy.get(selectorsList.usernameField).type(_userData.default.userSucess.username);\ncy.get(selectorsList.passwordField).type(_userData.default.userSucess.password);\ncy.get(selectorsList.loginButton).click();\ncy.location('pathname').should('equal', '/web/index.php/dashboard/index');\ncy.get(selectorsList.dashboardGrid).should('be.visible');\n// Acessando My Info\ncy.get(selectorsList.myInfoButton).click();\ncy.get(selectorsList.sectionTitleTopBar).contains('PIM').should('be.visible');\n// Preenchendo campos de texto\ncy.get(selectorsList.firstNameField).clear().type('Luiz');\ncy.get(selectorsList.middleNameField).clear().type('Carlos');\ncy.get(selectorsList.lastNameField).clear().type('Anjos');\n// Campos genéricos por índice\ncy.get(selectorsList.genericField).eq(3).clear().type('QA-290305');\ncy.get(selectorsList.genericField).eq(4).clear().type('205105');\ncy.get(selectorsList.genericField).eq(5).clear().type('0768099909');\n// Datas - fechando o pop-up calendario\ncy.get(selectorsList.dateField).eq(0).clear().type('2028-23-04');\ncy.get(selectorsList.closeCalendaryButton).click(), cy.get(selectorsList.dateField).eq(1).clear().type('1991-23-04');\ncy.get(selectorsList.closeCalendaryButton).click();\n// Seleção de Dropdowns\ncy.get(selectorsList.selectionField).eq(0).click();\ncy.get('.oxd-select-dropdown').contains('Brazilian').click();\ncy.get(selectorsList.selectionField).eq(1).click();\ncy.get('.oxd-select-dropdown').contains('Married').click();\n// Submit e Validação\ncy.get(selectorsList.submitButton).eq(0).click();\ncy.get('body').should('contain', 'Successfully Updated');",
              "err": {
                "message": "CypressError: Timed out retrying after 4000ms: `cy.clear()` failed because this element:\n\n`<input data-v-1f99f73c=\"\" class=\"oxd-input oxd-input--active orangehrm-firstname\" name=\"firstName\" placeholder=\"First Name\">`\n\nis being covered by another element:\n\n`<div data-v-c286b6e5=\"\" class=\"oxd-topbar-header-title\">...</div>`\n\nFix this problem, or use {force: true} to disable error checking.\n\nhttps://on.cypress.io/element-cannot-be-interacted-with",
                "estack": "CypressError: Timed out retrying after 4000ms: `cy.clear()` failed because this element:\n\n`<input data-v-1f99f73c=\"\" class=\"oxd-input oxd-input--active orangehrm-firstname\" name=\"firstName\" placeholder=\"First Name\">`\n\nis being covered by another element:\n\n`<div data-v-c286b6e5=\"\" class=\"oxd-topbar-header-title\">...</div>`\n\nFix this problem, or use {force: true} to disable error checking.\n\nhttps://on.cypress.io/element-cannot-be-interacted-with\n    at ensureIsDescendent (https://opensource-demo.orangehrmlive.com/__cypress/runner/cypress_runner.js:115148:68)\n    at ensureDescendents (https://opensource-demo.orangehrmlive.com/__cypress/runner/cypress_runner.js:115199:5)\n    at ensureDescendentsAndScroll (https://opensource-demo.orangehrmlive.com/__cypress/runner/cypress_runner.js:115205:14)\n    at ensureElIsNotCovered (https://opensource-demo.orangehrmlive.com/__cypress/runner/cypress_runner.js:115336:5)\n    at runAllChecks (https://opensource-demo.orangehrmlive.com/__cypress/runner/cypress_runner.js:115535:52)\n    at retryActionability (https://opensource-demo.orangehrmlive.com/__cypress/runner/cypress_runner.js:115572:16)\n    at tryCatcher (https://opensource-demo.orangehrmlive.com/__cypress/runner/cypress_runner.js:1777:23)\n    at Promise.attempt.Promise.try (https://opensource-demo.orangehrmlive.com/__cypress/runner/cypress_runner.js:4285:29)\n    at whenStable (https://opensource-demo.orangehrmlive.com/__cypress/runner/cypress_runner.js:152009:70)\n    at <unknown> (https://opensource-demo.orangehrmlive.com/__cypress/runner/cypress_runner.js:151924:14)\n    at tryCatcher (https://opensource-demo.orangehrmlive.com/__cypress/runner/cypress_runner.js:1777:23)\n    at Promise._settlePromiseFromHandler (https://opensource-demo.orangehrmlive.com/__cypress/runner/cypress_runner.js:1489:31)\n    at Promise._settlePromise (https://opensource-demo.orangehrmlive.com/__cypress/runner/cypress_runner.js:1546:18)\n    at Promise._settlePromise0 (https://opensource-demo.orangehrmlive.com/__cypress/runner/cypress_runner.js:1591:10)\n    at Promise._settlePromises (https://opensource-demo.orangehrmlive.com/__cypress/runner/cypress_runner.js:1671:18)\n    at Promise._fulfill (https://opensource-demo.orangehrmlive.com/__cypress/runner/cypress_runner.js:1615:18)\n    at <unknown> (https://opensource-demo.orangehrmlive.com/__cypress/runner/cypress_runner.js:5420:46)",
                "diff": null
              },
              "uuid": "8f47aa3d-b631-4556-92f0-53bfabeda0a2",
              "parentUUID": "95f46ba2-1c7f-42c4-962e-99a2f0654219",
              "isHook": false,
              "skipped": false
            },
            {
              "title": "User update walk - Login Success - Tentativa 4",
              "fullTitle": "Orange HRM Tests User update walk - Login Success - Tentativa 4",
              "timedOut": null,
              "duration": 17984,
              "state": "failed",
              "speed": null,
              "pass": false,
              "fail": true,
              "pending": false,
              "context": null,
              "code": "// Login\ncy.get(selectorsList.usernameField).type(_userData.default.userSucess.username);\ncy.get(selectorsList.passwordField).type(_userData.default.userSucess.password);\ncy.get(selectorsList.loginButton).click();\ncy.location('pathname').should('equal', '/web/index.php/dashboard/index');\ncy.get(selectorsList.dashboardGrid).should('be.visible');\n// Acessando My Info\ncy.get(selectorsList.myInfoButton).click();\ncy.get(selectorsList.sectionTitleTopBar).contains('PIM').should('be.visible');\n// Preenchendo campos de texto\ncy.get(selectorsList.firstNameField).clear().type('Luiz');\ncy.get(selectorsList.middleNameField).clear().type('Carlos');\ncy.get(selectorsList.lastNameField).clear().type('Anjos');\n// Campos genéricos por índice\ncy.get(selectorsList.genericField).eq(3).clear().type('QA-290305');\ncy.get(selectorsList.genericField).eq(4).clear().type('205105');\ncy.get(selectorsList.genericField).eq(5).clear().type('0768099909');\n// Datas - fechando o pop-up calendario\ncy.get(selectorsList.dateField).eq(0).clear().type('2028-23-04');\ncy.get(selectorsList.closeCalendaryButton).click(), cy.get(selectorsList.dateField).eq(1).clear().type('1991-23-04');\ncy.get(selectorsList.closeCalendaryButton).click();\n// Seleção de Dropdowns\ncy.get(selectorsList.selectionField).eq(0).click();\ncy.get('.oxd-select-dropdown').contains('Brazilian').click();\ncy.get(selectorsList.selectionField).eq(1).click();\ncy.get('.oxd-select-dropdown').contains('Married').click();\n// Submit e Validação\ncy.get(selectorsList.submitButton).eq(0).click();\ncy.get('body').should('contain', 'Successfully Updated');",
              "err": {
                "message": "CypressError: Timed out retrying after 4000ms: `cy.clear()` failed because this element:\n\n`<input data-v-1f99f73c=\"\" class=\"oxd-input oxd-input--active orangehrm-firstname\" name=\"firstName\" placeholder=\"First Name\">`\n\nis being covered by another element:\n\n`<div data-v-c286b6e5=\"\" class=\"oxd-topbar-header-title\">...</div>`\n\nFix this problem, or use {force: true} to disable error checking.\n\nhttps://on.cypress.io/element-cannot-be-interacted-with",
                "estack": "CypressError: Timed out retrying after 4000ms: `cy.clear()` failed because this element:\n\n`<input data-v-1f99f73c=\"\" class=\"oxd-input oxd-input--active orangehrm-firstname\" name=\"firstName\" placeholder=\"First Name\">`\n\nis being covered by another element:\n\n`<div data-v-c286b6e5=\"\" class=\"oxd-topbar-header-title\">...</div>`\n\nFix this problem, or use {force: true} to disable error checking.\n\nhttps://on.cypress.io/element-cannot-be-interacted-with\n    at ensureIsDescendent (https://opensource-demo.orangehrmlive.com/__cypress/runner/cypress_runner.js:115148:68)\n    at ensureDescendents (https://opensource-demo.orangehrmlive.com/__cypress/runner/cypress_runner.js:115199:5)\n    at ensureDescendentsAndScroll (https://opensource-demo.orangehrmlive.com/__cypress/runner/cypress_runner.js:115205:14)\n    at ensureElIsNotCovered (https://opensource-demo.orangehrmlive.com/__cypress/runner/cypress_runner.js:115336:5)\n    at runAllChecks (https://opensource-demo.orangehrmlive.com/__cypress/runner/cypress_runner.js:115535:52)\n    at retryActionability (https://opensource-demo.orangehrmlive.com/__cypress/runner/cypress_runner.js:115572:16)\n    at tryCatcher (https://opensource-demo.orangehrmlive.com/__cypress/runner/cypress_runner.js:1777:23)\n    at Promise.attempt.Promise.try (https://opensource-demo.orangehrmlive.com/__cypress/runner/cypress_runner.js:4285:29)\n    at whenStable (https://opensource-demo.orangehrmlive.com/__cypress/runner/cypress_runner.js:152009:70)\n    at <unknown> (https://opensource-demo.orangehrmlive.com/__cypress/runner/cypress_runner.js:151924:14)\n    at tryCatcher (https://opensource-demo.orangehrmlive.com/__cypress/runner/cypress_runner.js:1777:23)\n    at Promise._settlePromiseFromHandler (https://opensource-demo.orangehrmlive.com/__cypress/runner/cypress_runner.js:1489:31)\n    at Promise._settlePromise (https://opensource-demo.orangehrmlive.com/__cypress/runner/cypress_runner.js:1546:18)\n    at Promise._settlePromise0 (https://opensource-demo.orangehrmlive.com/__cypress/runner/cypress_runner.js:1591:10)\n    at Promise._settlePromises (https://opensource-demo.orangehrmlive.com/__cypress/runner/cypress_runner.js:1671:18)\n    at Promise._fulfill (https://opensource-demo.orangehrmlive.com/__cypress/runner/cypress_runner.js:1615:18)\n    at <unknown> (https://opensource-demo.orangehrmlive.com/__cypress/runner/cypress_runner.js:5420:46)",
                "diff": null
              },
              "uuid": "499f5c68-13c1-446a-b32c-ff043f7753a4",
              "parentUUID": "95f46ba2-1c7f-42c4-962e-99a2f0654219",
              "isHook": false,
              "skipped": false
            },
            {
              "title": "User update walk - Login Success - Tentativa 5",
              "fullTitle": "Orange HRM Tests User update walk - Login Success - Tentativa 5",
              "timedOut": null,
              "duration": 34516,
              "state": "passed",
              "speed": "slow",
              "pass": true,
              "fail": false,
              "pending": false,
              "context": null,
              "code": "// Login\ncy.get(selectorsList.usernameField).type(_userData.default.userSucess.username);\ncy.get(selectorsList.passwordField).type(_userData.default.userSucess.password);\ncy.get(selectorsList.loginButton).click();\ncy.location('pathname').should('equal', '/web/index.php/dashboard/index');\ncy.get(selectorsList.dashboardGrid).should('be.visible');\n// Acessando My Info\ncy.get(selectorsList.myInfoButton).click();\ncy.get(selectorsList.sectionTitleTopBar).contains('PIM').should('be.visible');\n// Preenchendo campos de texto\ncy.get(selectorsList.firstNameField).clear().type('Luiz');\ncy.get(selectorsList.middleNameField).clear().type('Carlos');\ncy.get(selectorsList.lastNameField).clear().type('Anjos');\n// Campos genéricos por índice\ncy.get(selectorsList.genericField).eq(3).clear().type('QA-290305');\ncy.get(selectorsList.genericField).eq(4).clear().type('205105');\ncy.get(selectorsList.genericField).eq(5).clear().type('0768099909');\n// Datas - fechando o pop-up calendario\ncy.get(selectorsList.dateField).eq(0).clear().type('2028-23-04');\ncy.get(selectorsList.closeCalendaryButton).click(), cy.get(selectorsList.dateField).eq(1).clear().type('1991-23-04');\ncy.get(selectorsList.closeCalendaryButton).click();\n// Seleção de Dropdowns\ncy.get(selectorsList.selectionField).eq(0).click();\ncy.get('.oxd-select-dropdown').contains('Brazilian').click();\ncy.get(selectorsList.selectionField).eq(1).click();\ncy.get('.oxd-select-dropdown').contains('Married').click();\n// Submit e Validação\ncy.get(selectorsList.submitButton).eq(0).click();\ncy.get('body').should('contain', 'Successfully Updated');",
              "err": {},
              "uuid": "c389829b-9c97-4824-8a04-8193c71799e5",
              "parentUUID": "95f46ba2-1c7f-42c4-962e-99a2f0654219",
              "isHook": false,
              "skipped": false
            }
          ],
          "suites": [],
          "passes": [
            "d87374e2-b2e9-4156-8fbb-d77be2175616",
            "c389829b-9c97-4824-8a04-8193c71799e5"
          ],
          "failures": [
            "e27d582a-4c24-4c89-8092-9166e4a17da4",
            "8f47aa3d-b631-4556-92f0-53bfabeda0a2",
            "499f5c68-13c1-446a-b32c-ff043f7753a4"
          ],
          "pending": [],
          "skipped": [],
          "duration": 139789,
          "root": false,
          "rootEmpty": false,
          "_timeout": 2000
        }
      ],
      "passes": [],
      "failures": [],
      "pending": [],
      "skipped": [],
      "duration": 0,
      "root": true,
      "rootEmpty": true,
      "_timeout": 2000
    }
  ],
  "meta": {
    "mocha": {
      "version": "7.2.0"
    },
    "mochawesome": {
      "options": {
        "quiet": false,
        "reportFilename": "mochawesome",
        "saveHtml": true,
        "saveJson": true,
        "consoleReporter": "spec",
        "useInlineDiffs": false,
        "code": true
      },
      "version": "7.1.4"
    },
    "marge": {
      "options": {
        "reportDir": "cypress/reports",
        "overwrite": true,
        "html": true,
        "json": true,
        "timestamp": "mmddyyyy_HHMMss"
      },
      "version": "6.3.2"
    }
  }
}